0 info it worked if it ends with ok
1 verbose cli [ '/usr/bin/node', '/usr/bin/npm', 'install', '-g', 'chai' ]
2 info using npm@1.4.28
3 info using node@v0.10.38
4 verbose node symlink /usr/bin/node
5 verbose cache add [ 'chai', null ]
6 verbose cache add name=undefined spec="chai" args=["chai",null]
7 verbose parsed url { protocol: null,
7 verbose parsed url   slashes: null,
7 verbose parsed url   auth: null,
7 verbose parsed url   host: null,
7 verbose parsed url   port: null,
7 verbose parsed url   hostname: null,
7 verbose parsed url   hash: null,
7 verbose parsed url   search: null,
7 verbose parsed url   query: null,
7 verbose parsed url   pathname: 'chai',
7 verbose parsed url   path: 'chai',
7 verbose parsed url   href: 'chai' }
8 silly lockFile 353fd541-chai chai
9 verbose lock chai /home/omyronov/.npm/353fd541-chai.lock
10 silly lockFile 353fd541-chai chai
11 silly lockFile 353fd541-chai chai
12 verbose addNamed [ 'chai', '' ]
13 verbose addNamed [ null, '*' ]
14 silly lockFile 583c5f63-chai chai@
15 verbose lock chai@ /home/omyronov/.npm/583c5f63-chai.lock
16 silly addNameRange { name: 'chai', range: '*', hasData: false }
17 verbose request where is /chai
18 verbose request registry https://registry.npmjs.org/
19 verbose request id 4fe24ca917baa8a5
20 verbose url raw /chai
21 verbose url resolving [ 'https://registry.npmjs.org/', './chai' ]
22 verbose url resolved https://registry.npmjs.org/chai
23 verbose request where is https://registry.npmjs.org/chai
24 info trying registry request attempt 1 at 16:12:48
25 verbose etag "3LTPZKNVWDR45AX8D0WPBU6IT"
26 http GET https://registry.npmjs.org/chai
27 http 200 https://registry.npmjs.org/chai
28 silly registry.get cb [ 200,
28 silly registry.get   { date: 'Tue, 28 Apr 2015 13:12:48 GMT',
28 silly registry.get     server: 'CouchDB/1.5.0 (Erlang OTP/R16B03)',
28 silly registry.get     etag: '"9QU2EFO5JZVYVH0PBIROAULHI"',
28 silly registry.get     'content-type': 'application/json',
28 silly registry.get     'cache-control': 'max-age=60',
28 silly registry.get     'content-length': '74226',
28 silly registry.get     'accept-ranges': 'bytes',
28 silly registry.get     via: '1.1 varnish',
28 silly registry.get     age: '2',
28 silly registry.get     'x-served-by': 'cache-fra1245-FRA',
28 silly registry.get     'x-cache': 'HIT',
28 silly registry.get     'x-cache-hits': '1',
28 silly registry.get     'x-timer': 'S1430226768.591131,VS0,VE0',
28 silly registry.get     vary: 'Accept',
28 silly registry.get     'keep-alive': 'timeout=10, max=50',
28 silly registry.get     connection: 'Keep-Alive' } ]
29 silly addNameRange number 2 { name: 'chai', range: '*', hasData: true }
30 silly addNameRange versions [ 'chai',
30 silly addNameRange   [ '0.0.1',
30 silly addNameRange     '0.0.2',
30 silly addNameRange     '0.1.0',
30 silly addNameRange     '0.1.1',
30 silly addNameRange     '0.1.2',
30 silly addNameRange     '0.1.3',
30 silly addNameRange     '0.1.4',
30 silly addNameRange     '0.1.5',
30 silly addNameRange     '0.1.6',
30 silly addNameRange     '0.1.7',
30 silly addNameRange     '0.2.0',
30 silly addNameRange     '0.2.1',
30 silly addNameRange     '0.2.2',
30 silly addNameRange     '0.2.3',
30 silly addNameRange     '0.2.4',
30 silly addNameRange     '0.3.0',
30 silly addNameRange     '0.3.1',
30 silly addNameRange     '0.3.2',
30 silly addNameRange     '0.3.3',
30 silly addNameRange     '0.3.4',
30 silly addNameRange     '0.4.0',
30 silly addNameRange     '0.4.1',
30 silly addNameRange     '0.4.2',
30 silly addNameRange     '0.5.0',
30 silly addNameRange     '0.5.1',
30 silly addNameRange     '0.5.2',
30 silly addNameRange     '0.5.3',
30 silly addNameRange     '1.0.0',
30 silly addNameRange     '1.0.1',
30 silly addNameRange     '1.0.2',
30 silly addNameRange     '1.0.3',
30 silly addNameRange     '1.0.4',
30 silly addNameRange     '1.1.0',
30 silly addNameRange     '1.1.1',
30 silly addNameRange     '1.2.0',
30 silly addNameRange     '1.3.0',
30 silly addNameRange     '1.4.0',
30 silly addNameRange     '1.4.1',
30 silly addNameRange     '1.4.2',
30 silly addNameRange     '1.5.0',
30 silly addNameRange     '1.6.0',
30 silly addNameRange     '1.6.1',
30 silly addNameRange     '1.7.0',
30 silly addNameRange     '1.7.1',
30 silly addNameRange     '1.7.2',
30 silly addNameRange     '1.8.0',
30 silly addNameRange     '1.8.1',
30 silly addNameRange     '1.9.0',
30 silly addNameRange     '1.9.1',
30 silly addNameRange     '1.9.2',
30 silly addNameRange     '1.10.0',
30 silly addNameRange     '2.0.0',
30 silly addNameRange     '2.1.0',
30 silly addNameRange     '2.1.1',
30 silly addNameRange     '2.1.2',
30 silly addNameRange     '2.2.0',
30 silly addNameRange     '2.3.0' ] ]
31 verbose addNamed [ 'chai', '2.3.0' ]
32 verbose addNamed [ '2.3.0', '2.3.0' ]
33 silly lockFile dc997df9-chai-2-3-0 chai@2.3.0
34 verbose lock chai@2.3.0 /home/omyronov/.npm/dc997df9-chai-2-3-0.lock
35 silly lockFile 989959e9-ry-npmjs-org-chai-chai-2-3-0-tgz https://registry.npmjs.org/chai/-/chai-2.3.0.tgz
36 verbose lock https://registry.npmjs.org/chai/-/chai-2.3.0.tgz /home/omyronov/.npm/989959e9-ry-npmjs-org-chai-chai-2-3-0-tgz.lock
37 verbose addRemoteTarball [ 'https://registry.npmjs.org/chai/-/chai-2.3.0.tgz',
37 verbose addRemoteTarball   '8a2f6a34748da801090fd73287b2aa739a4e909a' ]
38 info retry fetch attempt 1 at 16:12:48
39 verbose fetch to= /tmp/npm-20006-EdUgGIVi/registry.npmjs.org/chai/-/chai-2.3.0.tgz
40 http GET https://registry.npmjs.org/chai/-/chai-2.3.0.tgz
41 http 200 https://registry.npmjs.org/chai/-/chai-2.3.0.tgz
42 silly lockFile 989959e9-ry-npmjs-org-chai-chai-2-3-0-tgz https://registry.npmjs.org/chai/-/chai-2.3.0.tgz
43 silly lockFile 989959e9-ry-npmjs-org-chai-chai-2-3-0-tgz https://registry.npmjs.org/chai/-/chai-2.3.0.tgz
44 silly lockFile dc997df9-chai-2-3-0 chai@2.3.0
45 silly lockFile dc997df9-chai-2-3-0 chai@2.3.0
46 silly lockFile 583c5f63-chai chai@
47 silly lockFile 583c5f63-chai chai@
48 error Error: EACCES, mkdir '/home/omyronov/.npm/chai/2.3.0'
48 error  { [Error: EACCES, mkdir '/home/omyronov/.npm/chai/2.3.0']
48 error   errno: 3,
48 error   code: 'EACCES',
48 error   path: '/home/omyronov/.npm/chai/2.3.0' }
49 error Please try running this command again as root/Administrator.
50 error System Linux 3.13.0-48-generic
51 error command "/usr/bin/node" "/usr/bin/npm" "install" "-g" "chai"
52 error cwd /home/omyronov/projects/mocha-angular
53 error node -v v0.10.38
54 error npm -v 1.4.28
55 error path /home/omyronov/.npm/chai/2.3.0
56 error code EACCES
57 error errno 3
58 error stack Error: EACCES, mkdir '/home/omyronov/.npm/chai/2.3.0'
59 verbose exit [ 3, true ]
